[Data/Hora........] 24/09/2023 19:45:06
[Mensagem.........] Item not found
[Classe Exceção...] EListError
[Formulário.......] pageprincipal
[Unit.............] Vcl.StdCtrls
[Component Visual.] edtProduto
----------------------------------------------------------------------

[Data/Hora........] 24/09/2023 19:45:08
[Mensagem.........] Item not found
[Classe Exceção...] EListError
[Formulário.......] pageprincipal
[Unit.............] Vcl.StdCtrls
[Component Visual.] edtProduto
----------------------------------------------------------------------

[Data/Hora........] 24/09/2023 19:45:09
[Mensagem.........] Item not found
[Classe Exceção...] EListError
[Formulário.......] pageprincipal
[Unit.............] Vcl.StdCtrls
[Component Visual.] edtProduto
----------------------------------------------------------------------

[Data/Hora........] 24/09/2023 19:45:13
[Mensagem.........] A component named FrameCartao already exists
[Classe Exceção...] EComponentError
[Formulário.......] pageprincipal
[Unit.............] Vcl.StdCtrls
[Component Visual.] edtProduto
----------------------------------------------------------------------

[Data/Hora........] 24/09/2023 19:45:20
[Mensagem.........] A component named FrameCartao already exists
[Classe Exceção...] EComponentError
[Formulário.......] pageprincipal
[Unit.............] Vcl.StdCtrls
[Component Visual.] edtProduto
----------------------------------------------------------------------

[Data/Hora........] 24/09/2023 19:45:22
[Mensagem.........] A component named FrameCartao already exists
[Classe Exceção...] EComponentError
[Formulário.......] pageprincipal
[Unit.............] Vcl.StdCtrls
[Component Visual.] edtProduto
----------------------------------------------------------------------

[Data/Hora........] 24/09/2023 19:45:27
[Mensagem.........] Item not found
[Classe Exceção...] EListError
[Formulário.......] PagePagamento
[Unit.............] Vcl.ExtCtrls
[Component Visual.] edtRecebido
----------------------------------------------------------------------

